<?xml version="1.0" encoding="UTF-8"?>
<testsuite xmlns:xsi="http://www.w3.org/2001/XMLSchema-instance" xsi:noNamespaceSchemaLocation="https://maven.apache.org/surefire/maven-surefire-plugin/xsd/surefire-test-report.xsd" name="com.nhnacademy.shop.author.AuthorControllerTest" time="0.262" tests="5" errors="0" skipped="0" failures="0">
  <properties>
    <property name="java.specification.version" value="17"/>
    <property name="sun.jnu.encoding" value="UTF-8"/>
    <property name="java.class.path" value="/Users/bagbyeonghwi/Desktop/Study/nhn_academy_final/project/no24-shop/target/test-classes:/Users/bagbyeonghwi/Desktop/Study/nhn_academy_final/project/no24-shop/target/classes:/Users/bagbyeonghwi/.m2/repository/org/springframework/cloud/spring-cloud-starter-openfeign/3.1.4/spring-cloud-starter-openfeign-3.1.4.jar:/Users/bagbyeonghwi/.m2/repository/org/springframework/cloud/spring-cloud-starter/3.1.7/spring-cloud-starter-3.1.7.jar:/Users/bagbyeonghwi/.m2/repository/org/springframework/cloud/spring-cloud-context/3.1.7/spring-cloud-context-3.1.7.jar:/Users/bagbyeonghwi/.m2/repository/org/springframework/security/spring-security-rsa/1.0.11.RELEASE/spring-security-rsa-1.0.11.RELEASE.jar:/Users/bagbyeonghwi/.m2/repository/org/bouncycastle/bcpkix-jdk15on/1.69/bcpkix-jdk15on-1.69.jar:/Users/bagbyeonghwi/.m2/repository/org/bouncycastle/bcprov-jdk15on/1.69/bcprov-jdk15on-1.69.jar:/Users/bagbyeonghwi/.m2/repository/org/bouncycastle/bcutil-jdk15on/1.69/bcutil-jdk15on-1.69.jar:/Users/bagbyeonghwi/.m2/repository/org/springframework/cloud/spring-cloud-openfeign-core/3.1.8/spring-cloud-openfeign-core-3.1.8.jar:/Users/bagbyeonghwi/.m2/repository/org/springframework/boot/spring-boot-autoconfigure/2.7.12/spring-boot-autoconfigure-2.7.12.jar:/Users/bagbyeonghwi/.m2/repository/io/github/openfeign/form/feign-form-spring/3.8.0/feign-form-spring-3.8.0.jar:/Users/bagbyeonghwi/.m2/repository/io/github/openfeign/form/feign-form/3.8.0/feign-form-3.8.0.jar:/Users/bagbyeonghwi/.m2/repository/commons-fileupload/commons-fileupload/1.5/commons-fileupload-1.5.jar:/Users/bagbyeonghwi/.m2/repository/commons-io/commons-io/2.11.0/commons-io-2.11.0.jar:/Users/bagbyeonghwi/.m2/repository/org/springframework/spring-web/5.3.27/spring-web-5.3.27.jar:/Users/bagbyeonghwi/.m2/repository/org/springframework/spring-beans/5.3.27/spring-beans-5.3.27.jar:/Users/bagbyeonghwi/.m2/repository/org/springframework/cloud/spring-cloud-commons/3.1.7/spring-cloud-commons-3.1.7.jar:/Users/bagbyeonghwi/.m2/repository/org/springframework/security/spring-security-crypto/5.7.8/spring-security-crypto-5.7.8.jar:/Users/bagbyeonghwi/.m2/repository/io/github/openfeign/feign-core/11.10/feign-core-11.10.jar:/Users/bagbyeonghwi/.m2/repository/io/github/openfeign/feign-slf4j/11.10/feign-slf4j-11.10.jar:/Users/bagbyeonghwi/.m2/repository/org/slf4j/slf4j-api/1.7.36/slf4j-api-1.7.36.jar:/Users/bagbyeonghwi/.m2/repository/org/springframework/boot/spring-boot-starter-web/2.7.12/spring-boot-starter-web-2.7.12.jar:/Users/bagbyeonghwi/.m2/repository/org/springframework/boot/spring-boot-starter/2.7.12/spring-boot-starter-2.7.12.jar:/Users/bagbyeonghwi/.m2/repository/org/springframework/boot/spring-boot/2.7.12/spring-boot-2.7.12.jar:/Users/bagbyeonghwi/.m2/repository/org/springframework/boot/spring-boot-starter-logging/2.7.12/spring-boot-starter-logging-2.7.12.jar:/Users/bagbyeonghwi/.m2/repository/ch/qos/logback/logback-classic/1.2.12/logback-classic-1.2.12.jar:/Users/bagbyeonghwi/.m2/repository/ch/qos/logback/logback-core/1.2.12/logback-core-1.2.12.jar:/Users/bagbyeonghwi/.m2/repository/org/apache/logging/log4j/log4j-to-slf4j/2.17.2/log4j-to-slf4j-2.17.2.jar:/Users/bagbyeonghwi/.m2/repository/org/apache/logging/log4j/log4j-api/2.17.2/log4j-api-2.17.2.jar:/Users/bagbyeonghwi/.m2/repository/org/slf4j/jul-to-slf4j/1.7.36/jul-to-slf4j-1.7.36.jar:/Users/bagbyeonghwi/.m2/repository/jakarta/annotation/jakarta.annotation-api/1.3.5/jakarta.annotation-api-1.3.5.jar:/Users/bagbyeonghwi/.m2/repository/org/yaml/snakeyaml/1.30/snakeyaml-1.30.jar:/Users/bagbyeonghwi/.m2/repository/org/springframework/boot/spring-boot-starter-json/2.7.12/spring-boot-starter-json-2.7.12.jar:/Users/bagbyeonghwi/.m2/repository/com/fasterxml/jackson/core/jackson-databind/2.13.5/jackson-databind-2.13.5.jar:/Users/bagbyeonghwi/.m2/repository/com/fasterxml/jackson/datatype/jackson-datatype-jdk8/2.13.5/jackson-datatype-jdk8-2.13.5.jar:/Users/bagbyeonghwi/.m2/repository/com/fasterxml/jackson/datatype/jackson-datatype-jsr310/2.13.5/jackson-datatype-jsr310-2.13.5.jar:/Users/bagbyeonghwi/.m2/repository/com/fasterxml/jackson/module/jackson-module-parameter-names/2.13.5/jackson-module-parameter-names-2.13.5.jar:/Users/bagbyeonghwi/.m2/repository/org/springframework/boot/spring-boot-starter-tomcat/2.7.12/spring-boot-starter-tomcat-2.7.12.jar:/Users/bagbyeonghwi/.m2/repository/org/apache/tomcat/embed/tomcat-embed-core/9.0.75/tomcat-embed-core-9.0.75.jar:/Users/bagbyeonghwi/.m2/repository/org/apache/tomcat/embed/tomcat-embed-el/9.0.75/tomcat-embed-el-9.0.75.jar:/Users/bagbyeonghwi/.m2/repository/org/apache/tomcat/embed/tomcat-embed-websocket/9.0.75/tomcat-embed-websocket-9.0.75.jar:/Users/bagbyeonghwi/.m2/repository/org/springframework/spring-webmvc/5.3.27/spring-webmvc-5.3.27.jar:/Users/bagbyeonghwi/.m2/repository/org/springframework/spring-aop/5.3.27/spring-aop-5.3.27.jar:/Users/bagbyeonghwi/.m2/repository/org/springframework/spring-context/5.3.27/spring-context-5.3.27.jar:/Users/bagbyeonghwi/.m2/repository/org/springframework/spring-expression/5.3.27/spring-expression-5.3.27.jar:/Users/bagbyeonghwi/.m2/repository/org/springframework/cloud/spring-cloud-starter-gateway/3.1.8/spring-cloud-starter-gateway-3.1.8.jar:/Users/bagbyeonghwi/.m2/repository/org/springframework/cloud/spring-cloud-gateway-server/3.1.8/spring-cloud-gateway-server-3.1.8.jar:/Users/bagbyeonghwi/.m2/repository/org/springframework/boot/spring-boot-starter-validation/2.7.12/spring-boot-starter-validation-2.7.12.jar:/Users/bagbyeonghwi/.m2/repository/org/hibernate/validator/hibernate-validator/6.2.5.Final/hibernate-validator-6.2.5.Final.jar:/Users/bagbyeonghwi/.m2/repository/jakarta/validation/jakarta.validation-api/2.0.2/jakarta.validation-api-2.0.2.jar:/Users/bagbyeonghwi/.m2/repository/io/projectreactor/addons/reactor-extra/3.4.10/reactor-extra-3.4.10.jar:/Users/bagbyeonghwi/.m2/repository/io/projectreactor/reactor-core/3.4.29/reactor-core-3.4.29.jar:/Users/bagbyeonghwi/.m2/repository/org/reactivestreams/reactive-streams/1.0.4/reactive-streams-1.0.4.jar:/Users/bagbyeonghwi/.m2/repository/org/springframework/boot/spring-boot-starter-webflux/2.7.12/spring-boot-starter-webflux-2.7.12.jar:/Users/bagbyeonghwi/.m2/repository/org/springframework/boot/spring-boot-starter-reactor-netty/2.7.12/spring-boot-starter-reactor-netty-2.7.12.jar:/Users/bagbyeonghwi/.m2/repository/io/projectreactor/netty/reactor-netty-http/1.0.32/reactor-netty-http-1.0.32.jar:/Users/bagbyeonghwi/.m2/repository/io/netty/netty-codec-http/4.1.92.Final/netty-codec-http-4.1.92.Final.jar:/Users/bagbyeonghwi/.m2/repository/io/netty/netty-common/4.1.92.Final/netty-common-4.1.92.Final.jar:/Users/bagbyeonghwi/.m2/repository/io/netty/netty-buffer/4.1.92.Final/netty-buffer-4.1.92.Final.jar:/Users/bagbyeonghwi/.m2/repository/io/netty/netty-transport/4.1.92.Final/netty-transport-4.1.92.Final.jar:/Users/bagbyeonghwi/.m2/repository/io/netty/netty-codec/4.1.92.Final/netty-codec-4.1.92.Final.jar:/Users/bagbyeonghwi/.m2/repository/io/netty/netty-handler/4.1.92.Final/netty-handler-4.1.92.Final.jar:/Users/bagbyeonghwi/.m2/repository/io/netty/netty-codec-http2/4.1.92.Final/netty-codec-http2-4.1.92.Final.jar:/Users/bagbyeonghwi/.m2/repository/io/netty/netty-resolver-dns/4.1.92.Final/netty-resolver-dns-4.1.92.Final.jar:/Users/bagbyeonghwi/.m2/repository/io/netty/netty-resolver/4.1.92.Final/netty-resolver-4.1.92.Final.jar:/Users/bagbyeonghwi/.m2/repository/io/netty/netty-codec-dns/4.1.92.Final/netty-codec-dns-4.1.92.Final.jar:/Users/bagbyeonghwi/.m2/repository/io/netty/netty-resolver-dns-native-macos/4.1.92.Final/netty-resolver-dns-native-macos-4.1.92.Final-osx-x86_64.jar:/Users/bagbyeonghwi/.m2/repository/io/netty/netty-resolver-dns-classes-macos/4.1.92.Final/netty-resolver-dns-classes-macos-4.1.92.Final.jar:/Users/bagbyeonghwi/.m2/repository/io/netty/netty-transport-native-epoll/4.1.92.Final/netty-transport-native-epoll-4.1.92.Final-linux-x86_64.jar:/Users/bagbyeonghwi/.m2/repository/io/netty/netty-transport-native-unix-common/4.1.92.Final/netty-transport-native-unix-common-4.1.92.Final.jar:/Users/bagbyeonghwi/.m2/repository/io/netty/netty-transport-classes-epoll/4.1.92.Final/netty-transport-classes-epoll-4.1.92.Final.jar:/Users/bagbyeonghwi/.m2/repository/io/projectreactor/netty/reactor-netty-core/1.0.32/reactor-netty-core-1.0.32.jar:/Users/bagbyeonghwi/.m2/repository/io/netty/netty-handler-proxy/4.1.92.Final/netty-handler-proxy-4.1.92.Final.jar:/Users/bagbyeonghwi/.m2/repository/io/netty/netty-codec-socks/4.1.92.Final/netty-codec-socks-4.1.92.Final.jar:/Users/bagbyeonghwi/.m2/repository/org/springframework/spring-webflux/5.3.27/spring-webflux-5.3.27.jar:/Users/bagbyeonghwi/.m2/repository/org/projectlombok/lombok/1.18.26/lombok-1.18.26.jar:/Users/bagbyeonghwi/.m2/repository/org/springframework/boot/spring-boot-starter-test/2.7.12/spring-boot-starter-test-2.7.12.jar:/Users/bagbyeonghwi/.m2/repository/org/springframework/boot/spring-boot-test/2.7.12/spring-boot-test-2.7.12.jar:/Users/bagbyeonghwi/.m2/repository/org/springframework/boot/spring-boot-test-autoconfigure/2.7.12/spring-boot-test-autoconfigure-2.7.12.jar:/Users/bagbyeonghwi/.m2/repository/com/jayway/jsonpath/json-path/2.7.0/json-path-2.7.0.jar:/Users/bagbyeonghwi/.m2/repository/net/minidev/json-smart/2.4.11/json-smart-2.4.11.jar:/Users/bagbyeonghwi/.m2/repository/net/minidev/accessors-smart/2.4.11/accessors-smart-2.4.11.jar:/Users/bagbyeonghwi/.m2/repository/org/ow2/asm/asm/9.3/asm-9.3.jar:/Users/bagbyeonghwi/.m2/repository/jakarta/xml/bind/jakarta.xml.bind-api/2.3.3/jakarta.xml.bind-api-2.3.3.jar:/Users/bagbyeonghwi/.m2/repository/jakarta/activation/jakarta.activation-api/1.2.2/jakarta.activation-api-1.2.2.jar:/Users/bagbyeonghwi/.m2/repository/org/assertj/assertj-core/3.22.0/assertj-core-3.22.0.jar:/Users/bagbyeonghwi/.m2/repository/org/hamcrest/hamcrest/2.2/hamcrest-2.2.jar:/Users/bagbyeonghwi/.m2/repository/org/junit/jupiter/junit-jupiter/5.8.2/junit-jupiter-5.8.2.jar:/Users/bagbyeonghwi/.m2/repository/org/junit/jupiter/junit-jupiter-params/5.8.2/junit-jupiter-params-5.8.2.jar:/Users/bagbyeonghwi/.m2/repository/org/mockito/mockito-core/4.5.1/mockito-core-4.5.1.jar:/Users/bagbyeonghwi/.m2/repository/net/bytebuddy/byte-buddy/1.12.23/byte-buddy-1.12.23.jar:/Users/bagbyeonghwi/.m2/repository/net/bytebuddy/byte-buddy-agent/1.12.23/byte-buddy-agent-1.12.23.jar:/Users/bagbyeonghwi/.m2/repository/org/objenesis/objenesis/3.2/objenesis-3.2.jar:/Users/bagbyeonghwi/.m2/repository/org/mockito/mockito-junit-jupiter/4.5.1/mockito-junit-jupiter-4.5.1.jar:/Users/bagbyeonghwi/.m2/repository/org/skyscreamer/jsonassert/1.5.1/jsonassert-1.5.1.jar:/Users/bagbyeonghwi/.m2/repository/com/vaadin/external/google/android-json/0.0.20131108.vaadin1/android-json-0.0.20131108.vaadin1.jar:/Users/bagbyeonghwi/.m2/repository/org/springframework/spring-core/5.3.27/spring-core-5.3.27.jar:/Users/bagbyeonghwi/.m2/repository/org/springframework/spring-jcl/5.3.27/spring-jcl-5.3.27.jar:/Users/bagbyeonghwi/.m2/repository/org/xmlunit/xmlunit-core/2.9.1/xmlunit-core-2.9.1.jar:/Users/bagbyeonghwi/.m2/repository/org/springframework/cloud/spring-cloud-starter-netflix-eureka-client/3.1.7/spring-cloud-starter-netflix-eureka-client-3.1.7.jar:/Users/bagbyeonghwi/.m2/repository/org/springframework/cloud/spring-cloud-netflix-eureka-client/3.1.7/spring-cloud-netflix-eureka-client-3.1.7.jar:/Users/bagbyeonghwi/.m2/repository/com/netflix/eureka/eureka-client/1.10.17/eureka-client-1.10.17.jar:/Users/bagbyeonghwi/.m2/repository/com/netflix/netflix-commons/netflix-eventbus/0.3.0/netflix-eventbus-0.3.0.jar:/Users/bagbyeonghwi/.m2/repository/com/netflix/netflix-commons/netflix-infix/0.3.0/netflix-infix-0.3.0.jar:/Users/bagbyeonghwi/.m2/repository/commons-jxpath/commons-jxpath/1.3/commons-jxpath-1.3.jar:/Users/bagbyeonghwi/.m2/repository/joda-time/joda-time/2.3/joda-time-2.3.jar:/Users/bagbyeonghwi/.m2/repository/org/antlr/antlr-runtime/3.4/antlr-runtime-3.4.jar:/Users/bagbyeonghwi/.m2/repository/org/antlr/stringtemplate/3.2.1/stringtemplate-3.2.1.jar:/Users/bagbyeonghwi/.m2/repository/com/google/code/gson/gson/2.9.1/gson-2.9.1.jar:/Users/bagbyeonghwi/.m2/repository/org/apache/commons/commons-math/2.2/commons-math-2.2.jar:/Users/bagbyeonghwi/.m2/repository/com/thoughtworks/xstream/xstream/1.4.18/xstream-1.4.18.jar:/Users/bagbyeonghwi/.m2/repository/io/github/x-stream/mxparser/1.2.2/mxparser-1.2.2.jar:/Users/bagbyeonghwi/.m2/repository/xmlpull/xmlpull/1.1.3.1/xmlpull-1.1.3.1.jar:/Users/bagbyeonghwi/.m2/repository/javax/ws/rs/jsr311-api/1.1.1/jsr311-api-1.1.1.jar:/Users/bagbyeonghwi/.m2/repository/com/netflix/servo/servo-core/0.12.21/servo-core-0.12.21.jar:/Users/bagbyeonghwi/.m2/repository/com/google/guava/guava/19.0/guava-19.0.jar:/Users/bagbyeonghwi/.m2/repository/org/apache/httpcomponents/httpclient/4.5.14/httpclient-4.5.14.jar:/Users/bagbyeonghwi/.m2/repository/org/apache/httpcomponents/httpcore/4.4.16/httpcore-4.4.16.jar:/Users/bagbyeonghwi/.m2/repository/commons-codec/commons-codec/1.15/commons-codec-1.15.jar:/Users/bagbyeonghwi/.m2/repository/commons-configuration/commons-configuration/1.10/commons-configuration-1.10.jar:/Users/bagbyeonghwi/.m2/repository/commons-lang/commons-lang/2.6/commons-lang-2.6.jar:/Users/bagbyeonghwi/.m2/repository/com/google/inject/guice/4.1.0/guice-4.1.0.jar:/Users/bagbyeonghwi/.m2/repository/com/fasterxml/jackson/core/jackson-annotations/2.13.5/jackson-annotations-2.13.5.jar:/Users/bagbyeonghwi/.m2/repository/com/fasterxml/jackson/core/jackson-core/2.13.5/jackson-core-2.13.5.jar:/Users/bagbyeonghwi/.m2/repository/org/codehaus/jettison/jettison/1.4.0/jettison-1.4.0.jar:/Users/bagbyeonghwi/.m2/repository/com/netflix/eureka/eureka-core/1.10.17/eureka-core-1.10.17.jar:/Users/bagbyeonghwi/.m2/repository/com/fasterxml/woodstox/woodstox-core/6.2.1/woodstox-core-6.2.1.jar:/Users/bagbyeonghwi/.m2/repository/org/codehaus/woodstox/stax2-api/4.2.1/stax2-api-4.2.1.jar:/Users/bagbyeonghwi/.m2/repository/org/springframework/cloud/spring-cloud-starter-loadbalancer/3.1.7/spring-cloud-starter-loadbalancer-3.1.7.jar:/Users/bagbyeonghwi/.m2/repository/org/springframework/cloud/spring-cloud-loadbalancer/3.1.7/spring-cloud-loadbalancer-3.1.7.jar:/Users/bagbyeonghwi/.m2/repository/org/springframework/boot/spring-boot-starter-cache/2.7.12/spring-boot-starter-cache-2.7.12.jar:/Users/bagbyeonghwi/.m2/repository/org/springframework/spring-context-support/5.3.27/spring-context-support-5.3.27.jar:/Users/bagbyeonghwi/.m2/repository/com/stoyanr/evictor/1.0.0/evictor-1.0.0.jar:/Users/bagbyeonghwi/.m2/repository/org/springframework/boot/spring-boot-starter-actuator/2.7.12/spring-boot-starter-actuator-2.7.12.jar:/Users/bagbyeonghwi/.m2/repository/org/springframework/boot/spring-boot-actuator-autoconfigure/2.7.12/spring-boot-actuator-autoconfigure-2.7.12.jar:/Users/bagbyeonghwi/.m2/repository/org/springframework/boot/spring-boot-actuator/2.7.12/spring-boot-actuator-2.7.12.jar:/Users/bagbyeonghwi/.m2/repository/io/micrometer/micrometer-core/1.9.11/micrometer-core-1.9.11.jar:/Users/bagbyeonghwi/.m2/repository/org/hdrhistogram/HdrHistogram/2.1.12/HdrHistogram-2.1.12.jar:/Users/bagbyeonghwi/.m2/repository/org/latencyutils/LatencyUtils/2.0.3/LatencyUtils-2.0.3.jar:/Users/bagbyeonghwi/.m2/repository/com/mysql/mysql-connector-j/8.0.33/mysql-connector-j-8.0.33.jar:/Users/bagbyeonghwi/.m2/repository/org/springframework/boot/spring-boot-starter-data-jpa/2.7.12/spring-boot-starter-data-jpa-2.7.12.jar:/Users/bagbyeonghwi/.m2/repository/org/springframework/boot/spring-boot-starter-aop/2.7.12/spring-boot-starter-aop-2.7.12.jar:/Users/bagbyeonghwi/.m2/repository/org/aspectj/aspectjweaver/1.9.7/aspectjweaver-1.9.7.jar:/Users/bagbyeonghwi/.m2/repository/org/springframework/boot/spring-boot-starter-jdbc/2.7.12/spring-boot-starter-jdbc-2.7.12.jar:/Users/bagbyeonghwi/.m2/repository/com/zaxxer/HikariCP/4.0.3/HikariCP-4.0.3.jar:/Users/bagbyeonghwi/.m2/repository/org/springframework/spring-jdbc/5.3.27/spring-jdbc-5.3.27.jar:/Users/bagbyeonghwi/.m2/repository/jakarta/transaction/jakarta.transaction-api/1.3.3/jakarta.transaction-api-1.3.3.jar:/Users/bagbyeonghwi/.m2/repository/jakarta/persistence/jakarta.persistence-api/2.2.3/jakarta.persistence-api-2.2.3.jar:/Users/bagbyeonghwi/.m2/repository/org/hibernate/hibernate-core/5.6.15.Final/hibernate-core-5.6.15.Final.jar:/Users/bagbyeonghwi/.m2/repository/org/jboss/logging/jboss-logging/3.4.3.Final/jboss-logging-3.4.3.Final.jar:/Users/bagbyeonghwi/.m2/repository/antlr/antlr/2.7.7/antlr-2.7.7.jar:/Users/bagbyeonghwi/.m2/repository/org/jboss/jandex/2.4.2.Final/jandex-2.4.2.Final.jar:/Users/bagbyeonghwi/.m2/repository/com/fasterxml/classmate/1.5.1/classmate-1.5.1.jar:/Users/bagbyeonghwi/.m2/repository/org/hibernate/common/hibernate-commons-annotations/5.1.2.Final/hibernate-commons-annotations-5.1.2.Final.jar:/Users/bagbyeonghwi/.m2/repository/org/glassfish/jaxb/jaxb-runtime/2.3.8/jaxb-runtime-2.3.8.jar:/Users/bagbyeonghwi/.m2/repository/org/glassfish/jaxb/txw2/2.3.8/txw2-2.3.8.jar:/Users/bagbyeonghwi/.m2/repository/com/sun/istack/istack-commons-runtime/3.0.12/istack-commons-runtime-3.0.12.jar:/Users/bagbyeonghwi/.m2/repository/com/sun/activation/jakarta.activation/1.2.2/jakarta.activation-1.2.2.jar:/Users/bagbyeonghwi/.m2/repository/org/springframework/data/spring-data-jpa/2.7.12/spring-data-jpa-2.7.12.jar:/Users/bagbyeonghwi/.m2/repository/org/springframework/data/spring-data-commons/2.7.12/spring-data-commons-2.7.12.jar:/Users/bagbyeonghwi/.m2/repository/org/springframework/spring-orm/5.3.27/spring-orm-5.3.27.jar:/Users/bagbyeonghwi/.m2/repository/org/springframework/spring-tx/5.3.27/spring-tx-5.3.27.jar:/Users/bagbyeonghwi/.m2/repository/org/springframework/spring-aspects/5.3.27/spring-aspects-5.3.27.jar:/Users/bagbyeonghwi/.m2/repository/com/querydsl/querydsl-jpa/5.0.0/querydsl-jpa-5.0.0.jar:/Users/bagbyeonghwi/.m2/repository/com/querydsl/querydsl-core/5.0.0/querydsl-core-5.0.0.jar:/Users/bagbyeonghwi/.m2/repository/com/mysema/commons/mysema-commons-lang/0.2.4/mysema-commons-lang-0.2.4.jar:/Users/bagbyeonghwi/.m2/repository/com/querydsl/querydsl-apt/5.0.0/querydsl-apt-5.0.0.jar:/Users/bagbyeonghwi/.m2/repository/com/querydsl/querydsl-codegen/5.0.0/querydsl-codegen-5.0.0.jar:/Users/bagbyeonghwi/.m2/repository/com/querydsl/codegen-utils/5.0.0/codegen-utils-5.0.0.jar:/Users/bagbyeonghwi/.m2/repository/org/eclipse/jdt/ecj/3.26.0/ecj-3.26.0.jar:/Users/bagbyeonghwi/.m2/repository/javax/inject/javax.inject/1/javax.inject-1.jar:/Users/bagbyeonghwi/.m2/repository/io/github/classgraph/classgraph/4.8.108/classgraph-4.8.108.jar:/Users/bagbyeonghwi/.m2/repository/org/springframework/spring-test/5.3.27/spring-test-5.3.27.jar:/Users/bagbyeonghwi/.m2/repository/org/mockito/mockito-all/1.10.19/mockito-all-1.10.19.jar:/Users/bagbyeonghwi/.m2/repository/com/h2database/h2/2.1.214/h2-2.1.214.jar:/Users/bagbyeonghwi/.m2/repository/org/springframework/restdocs/spring-restdocs-mockmvc/2.0.6.RELEASE/spring-restdocs-mockmvc-2.0.6.RELEASE.jar:/Users/bagbyeonghwi/.m2/repository/org/springframework/restdocs/spring-restdocs-core/2.0.7.RELEASE/spring-restdocs-core-2.0.7.RELEASE.jar:/Users/bagbyeonghwi/.m2/repository/javax/servlet/javax.servlet-api/4.0.1/javax.servlet-api-4.0.1.jar:/Users/bagbyeonghwi/.m2/repository/org/junit/jupiter/junit-jupiter-engine/5.8.2/junit-jupiter-engine-5.8.2.jar:/Users/bagbyeonghwi/.m2/repository/org/junit/platform/junit-platform-engine/1.8.2/junit-platform-engine-1.8.2.jar:/Users/bagbyeonghwi/.m2/repository/org/opentest4j/opentest4j/1.2.0/opentest4j-1.2.0.jar:/Users/bagbyeonghwi/.m2/repository/org/junit/platform/junit-platform-commons/1.8.2/junit-platform-commons-1.8.2.jar:/Users/bagbyeonghwi/.m2/repository/org/junit/jupiter/junit-jupiter-api/5.8.2/junit-jupiter-api-5.8.2.jar:/Users/bagbyeonghwi/.m2/repository/org/apiguardian/apiguardian-api/1.1.2/apiguardian-api-1.1.2.jar:"/>
    <property name="java.vm.vendor" value="Amazon.com Inc."/>
    <property name="sun.arch.data.model" value="64"/>
    <property name="java.vendor.url" value="https://aws.amazon.com/corretto/"/>
    <property name="os.name" value="Mac OS X"/>
    <property name="java.vm.specification.version" value="17"/>
    <property name="sun.java.launcher" value="SUN_STANDARD"/>
    <property name="user.country" value="KR"/>
    <property name="sun.boot.library.path" value="/Users/bagbyeonghwi/Library/Java/JavaVirtualMachines/corretto-17.0.10/Contents/Home/lib"/>
    <property name="sun.java.command" value="/Users/bagbyeonghwi/Desktop/Study/nhn_academy_final/project/no24-shop/target/surefire/surefirebooter6297095346354015943.jar /Users/bagbyeonghwi/Desktop/Study/nhn_academy_final/project/no24-shop/target/surefire 2024-04-17T20-01-44_267-jvmRun1 surefire1285439888934787732tmp surefire_02390266328487556788tmp"/>
    <property name="http.nonProxyHosts" value="local|*.local|169.254/16|*.169.254/16|localhost|*.localhost"/>
    <property name="jdk.debug" value="release"/>
    <property name="surefire.test.class.path" value="/Users/bagbyeonghwi/Desktop/Study/nhn_academy_final/project/no24-shop/target/test-classes:/Users/bagbyeonghwi/Desktop/Study/nhn_academy_final/project/no24-shop/target/classes:/Users/bagbyeonghwi/.m2/repository/org/springframework/cloud/spring-cloud-starter-openfeign/3.1.4/spring-cloud-starter-openfeign-3.1.4.jar:/Users/bagbyeonghwi/.m2/repository/org/springframework/cloud/spring-cloud-starter/3.1.7/spring-cloud-starter-3.1.7.jar:/Users/bagbyeonghwi/.m2/repository/org/springframework/cloud/spring-cloud-context/3.1.7/spring-cloud-context-3.1.7.jar:/Users/bagbyeonghwi/.m2/repository/org/springframework/security/spring-security-rsa/1.0.11.RELEASE/spring-security-rsa-1.0.11.RELEASE.jar:/Users/bagbyeonghwi/.m2/repository/org/bouncycastle/bcpkix-jdk15on/1.69/bcpkix-jdk15on-1.69.jar:/Users/bagbyeonghwi/.m2/repository/org/bouncycastle/bcprov-jdk15on/1.69/bcprov-jdk15on-1.69.jar:/Users/bagbyeonghwi/.m2/repository/org/bouncycastle/bcutil-jdk15on/1.69/bcutil-jdk15on-1.69.jar:/Users/bagbyeonghwi/.m2/repository/org/springframework/cloud/spring-cloud-openfeign-core/3.1.8/spring-cloud-openfeign-core-3.1.8.jar:/Users/bagbyeonghwi/.m2/repository/org/springframework/boot/spring-boot-autoconfigure/2.7.12/spring-boot-autoconfigure-2.7.12.jar:/Users/bagbyeonghwi/.m2/repository/io/github/openfeign/form/feign-form-spring/3.8.0/feign-form-spring-3.8.0.jar:/Users/bagbyeonghwi/.m2/repository/io/github/openfeign/form/feign-form/3.8.0/feign-form-3.8.0.jar:/Users/bagbyeonghwi/.m2/repository/commons-fileupload/commons-fileupload/1.5/commons-fileupload-1.5.jar:/Users/bagbyeonghwi/.m2/repository/commons-io/commons-io/2.11.0/commons-io-2.11.0.jar:/Users/bagbyeonghwi/.m2/repository/org/springframework/spring-web/5.3.27/spring-web-5.3.27.jar:/Users/bagbyeonghwi/.m2/repository/org/springframework/spring-beans/5.3.27/spring-beans-5.3.27.jar:/Users/bagbyeonghwi/.m2/repository/org/springframework/cloud/spring-cloud-commons/3.1.7/spring-cloud-commons-3.1.7.jar:/Users/bagbyeonghwi/.m2/repository/org/springframework/security/spring-security-crypto/5.7.8/spring-security-crypto-5.7.8.jar:/Users/bagbyeonghwi/.m2/repository/io/github/openfeign/feign-core/11.10/feign-core-11.10.jar:/Users/bagbyeonghwi/.m2/repository/io/github/openfeign/feign-slf4j/11.10/feign-slf4j-11.10.jar:/Users/bagbyeonghwi/.m2/repository/org/slf4j/slf4j-api/1.7.36/slf4j-api-1.7.36.jar:/Users/bagbyeonghwi/.m2/repository/org/springframework/boot/spring-boot-starter-web/2.7.12/spring-boot-starter-web-2.7.12.jar:/Users/bagbyeonghwi/.m2/repository/org/springframework/boot/spring-boot-starter/2.7.12/spring-boot-starter-2.7.12.jar:/Users/bagbyeonghwi/.m2/repository/org/springframework/boot/spring-boot/2.7.12/spring-boot-2.7.12.jar:/Users/bagbyeonghwi/.m2/repository/org/springframework/boot/spring-boot-starter-logging/2.7.12/spring-boot-starter-logging-2.7.12.jar:/Users/bagbyeonghwi/.m2/repository/ch/qos/logback/logback-classic/1.2.12/logback-classic-1.2.12.jar:/Users/bagbyeonghwi/.m2/repository/ch/qos/logback/logback-core/1.2.12/logback-core-1.2.12.jar:/Users/bagbyeonghwi/.m2/repository/org/apache/logging/log4j/log4j-to-slf4j/2.17.2/log4j-to-slf4j-2.17.2.jar:/Users/bagbyeonghwi/.m2/repository/org/apache/logging/log4j/log4j-api/2.17.2/log4j-api-2.17.2.jar:/Users/bagbyeonghwi/.m2/repository/org/slf4j/jul-to-slf4j/1.7.36/jul-to-slf4j-1.7.36.jar:/Users/bagbyeonghwi/.m2/repository/jakarta/annotation/jakarta.annotation-api/1.3.5/jakarta.annotation-api-1.3.5.jar:/Users/bagbyeonghwi/.m2/repository/org/yaml/snakeyaml/1.30/snakeyaml-1.30.jar:/Users/bagbyeonghwi/.m2/repository/org/springframework/boot/spring-boot-starter-json/2.7.12/spring-boot-starter-json-2.7.12.jar:/Users/bagbyeonghwi/.m2/repository/com/fasterxml/jackson/core/jackson-databind/2.13.5/jackson-databind-2.13.5.jar:/Users/bagbyeonghwi/.m2/repository/com/fasterxml/jackson/datatype/jackson-datatype-jdk8/2.13.5/jackson-datatype-jdk8-2.13.5.jar:/Users/bagbyeonghwi/.m2/repository/com/fasterxml/jackson/datatype/jackson-datatype-jsr310/2.13.5/jackson-datatype-jsr310-2.13.5.jar:/Users/bagbyeonghwi/.m2/repository/com/fasterxml/jackson/module/jackson-module-parameter-names/2.13.5/jackson-module-parameter-names-2.13.5.jar:/Users/bagbyeonghwi/.m2/repository/org/springframework/boot/spring-boot-starter-tomcat/2.7.12/spring-boot-starter-tomcat-2.7.12.jar:/Users/bagbyeonghwi/.m2/repository/org/apache/tomcat/embed/tomcat-embed-core/9.0.75/tomcat-embed-core-9.0.75.jar:/Users/bagbyeonghwi/.m2/repository/org/apache/tomcat/embed/tomcat-embed-el/9.0.75/tomcat-embed-el-9.0.75.jar:/Users/bagbyeonghwi/.m2/repository/org/apache/tomcat/embed/tomcat-embed-websocket/9.0.75/tomcat-embed-websocket-9.0.75.jar:/Users/bagbyeonghwi/.m2/repository/org/springframework/spring-webmvc/5.3.27/spring-webmvc-5.3.27.jar:/Users/bagbyeonghwi/.m2/repository/org/springframework/spring-aop/5.3.27/spring-aop-5.3.27.jar:/Users/bagbyeonghwi/.m2/repository/org/springframework/spring-context/5.3.27/spring-context-5.3.27.jar:/Users/bagbyeonghwi/.m2/repository/org/springframework/spring-expression/5.3.27/spring-expression-5.3.27.jar:/Users/bagbyeonghwi/.m2/repository/org/springframework/cloud/spring-cloud-starter-gateway/3.1.8/spring-cloud-starter-gateway-3.1.8.jar:/Users/bagbyeonghwi/.m2/repository/org/springframework/cloud/spring-cloud-gateway-server/3.1.8/spring-cloud-gateway-server-3.1.8.jar:/Users/bagbyeonghwi/.m2/repository/org/springframework/boot/spring-boot-starter-validation/2.7.12/spring-boot-starter-validation-2.7.12.jar:/Users/bagbyeonghwi/.m2/repository/org/hibernate/validator/hibernate-validator/6.2.5.Final/hibernate-validator-6.2.5.Final.jar:/Users/bagbyeonghwi/.m2/repository/jakarta/validation/jakarta.validation-api/2.0.2/jakarta.validation-api-2.0.2.jar:/Users/bagbyeonghwi/.m2/repository/io/projectreactor/addons/reactor-extra/3.4.10/reactor-extra-3.4.10.jar:/Users/bagbyeonghwi/.m2/repository/io/projectreactor/reactor-core/3.4.29/reactor-core-3.4.29.jar:/Users/bagbyeonghwi/.m2/repository/org/reactivestreams/reactive-streams/1.0.4/reactive-streams-1.0.4.jar:/Users/bagbyeonghwi/.m2/repository/org/springframework/boot/spring-boot-starter-webflux/2.7.12/spring-boot-starter-webflux-2.7.12.jar:/Users/bagbyeonghwi/.m2/repository/org/springframework/boot/spring-boot-starter-reactor-netty/2.7.12/spring-boot-starter-reactor-netty-2.7.12.jar:/Users/bagbyeonghwi/.m2/repository/io/projectreactor/netty/reactor-netty-http/1.0.32/reactor-netty-http-1.0.32.jar:/Users/bagbyeonghwi/.m2/repository/io/netty/netty-codec-http/4.1.92.Final/netty-codec-http-4.1.92.Final.jar:/Users/bagbyeonghwi/.m2/repository/io/netty/netty-common/4.1.92.Final/netty-common-4.1.92.Final.jar:/Users/bagbyeonghwi/.m2/repository/io/netty/netty-buffer/4.1.92.Final/netty-buffer-4.1.92.Final.jar:/Users/bagbyeonghwi/.m2/repository/io/netty/netty-transport/4.1.92.Final/netty-transport-4.1.92.Final.jar:/Users/bagbyeonghwi/.m2/repository/io/netty/netty-codec/4.1.92.Final/netty-codec-4.1.92.Final.jar:/Users/bagbyeonghwi/.m2/repository/io/netty/netty-handler/4.1.92.Final/netty-handler-4.1.92.Final.jar:/Users/bagbyeonghwi/.m2/repository/io/netty/netty-codec-http2/4.1.92.Final/netty-codec-http2-4.1.92.Final.jar:/Users/bagbyeonghwi/.m2/repository/io/netty/netty-resolver-dns/4.1.92.Final/netty-resolver-dns-4.1.92.Final.jar:/Users/bagbyeonghwi/.m2/repository/io/netty/netty-resolver/4.1.92.Final/netty-resolver-4.1.92.Final.jar:/Users/bagbyeonghwi/.m2/repository/io/netty/netty-codec-dns/4.1.92.Final/netty-codec-dns-4.1.92.Final.jar:/Users/bagbyeonghwi/.m2/repository/io/netty/netty-resolver-dns-native-macos/4.1.92.Final/netty-resolver-dns-native-macos-4.1.92.Final-osx-x86_64.jar:/Users/bagbyeonghwi/.m2/repository/io/netty/netty-resolver-dns-classes-macos/4.1.92.Final/netty-resolver-dns-classes-macos-4.1.92.Final.jar:/Users/bagbyeonghwi/.m2/repository/io/netty/netty-transport-native-epoll/4.1.92.Final/netty-transport-native-epoll-4.1.92.Final-linux-x86_64.jar:/Users/bagbyeonghwi/.m2/repository/io/netty/netty-transport-native-unix-common/4.1.92.Final/netty-transport-native-unix-common-4.1.92.Final.jar:/Users/bagbyeonghwi/.m2/repository/io/netty/netty-transport-classes-epoll/4.1.92.Final/netty-transport-classes-epoll-4.1.92.Final.jar:/Users/bagbyeonghwi/.m2/repository/io/projectreactor/netty/reactor-netty-core/1.0.32/reactor-netty-core-1.0.32.jar:/Users/bagbyeonghwi/.m2/repository/io/netty/netty-handler-proxy/4.1.92.Final/netty-handler-proxy-4.1.92.Final.jar:/Users/bagbyeonghwi/.m2/repository/io/netty/netty-codec-socks/4.1.92.Final/netty-codec-socks-4.1.92.Final.jar:/Users/bagbyeonghwi/.m2/repository/org/springframework/spring-webflux/5.3.27/spring-webflux-5.3.27.jar:/Users/bagbyeonghwi/.m2/repository/org/projectlombok/lombok/1.18.26/lombok-1.18.26.jar:/Users/bagbyeonghwi/.m2/repository/org/springframework/boot/spring-boot-starter-test/2.7.12/spring-boot-starter-test-2.7.12.jar:/Users/bagbyeonghwi/.m2/repository/org/springframework/boot/spring-boot-test/2.7.12/spring-boot-test-2.7.12.jar:/Users/bagbyeonghwi/.m2/repository/org/springframework/boot/spring-boot-test-autoconfigure/2.7.12/spring-boot-test-autoconfigure-2.7.12.jar:/Users/bagbyeonghwi/.m2/repository/com/jayway/jsonpath/json-path/2.7.0/json-path-2.7.0.jar:/Users/bagbyeonghwi/.m2/repository/net/minidev/json-smart/2.4.11/json-smart-2.4.11.jar:/Users/bagbyeonghwi/.m2/repository/net/minidev/accessors-smart/2.4.11/accessors-smart-2.4.11.jar:/Users/bagbyeonghwi/.m2/repository/org/ow2/asm/asm/9.3/asm-9.3.jar:/Users/bagbyeonghwi/.m2/repository/jakarta/xml/bind/jakarta.xml.bind-api/2.3.3/jakarta.xml.bind-api-2.3.3.jar:/Users/bagbyeonghwi/.m2/repository/jakarta/activation/jakarta.activation-api/1.2.2/jakarta.activation-api-1.2.2.jar:/Users/bagbyeonghwi/.m2/repository/org/assertj/assertj-core/3.22.0/assertj-core-3.22.0.jar:/Users/bagbyeonghwi/.m2/repository/org/hamcrest/hamcrest/2.2/hamcrest-2.2.jar:/Users/bagbyeonghwi/.m2/repository/org/junit/jupiter/junit-jupiter/5.8.2/junit-jupiter-5.8.2.jar:/Users/bagbyeonghwi/.m2/repository/org/junit/jupiter/junit-jupiter-params/5.8.2/junit-jupiter-params-5.8.2.jar:/Users/bagbyeonghwi/.m2/repository/org/mockito/mockito-core/4.5.1/mockito-core-4.5.1.jar:/Users/bagbyeonghwi/.m2/repository/net/bytebuddy/byte-buddy/1.12.23/byte-buddy-1.12.23.jar:/Users/bagbyeonghwi/.m2/repository/net/bytebuddy/byte-buddy-agent/1.12.23/byte-buddy-agent-1.12.23.jar:/Users/bagbyeonghwi/.m2/repository/org/objenesis/objenesis/3.2/objenesis-3.2.jar:/Users/bagbyeonghwi/.m2/repository/org/mockito/mockito-junit-jupiter/4.5.1/mockito-junit-jupiter-4.5.1.jar:/Users/bagbyeonghwi/.m2/repository/org/skyscreamer/jsonassert/1.5.1/jsonassert-1.5.1.jar:/Users/bagbyeonghwi/.m2/repository/com/vaadin/external/google/android-json/0.0.20131108.vaadin1/android-json-0.0.20131108.vaadin1.jar:/Users/bagbyeonghwi/.m2/repository/org/springframework/spring-core/5.3.27/spring-core-5.3.27.jar:/Users/bagbyeonghwi/.m2/repository/org/springframework/spring-jcl/5.3.27/spring-jcl-5.3.27.jar:/Users/bagbyeonghwi/.m2/repository/org/xmlunit/xmlunit-core/2.9.1/xmlunit-core-2.9.1.jar:/Users/bagbyeonghwi/.m2/repository/org/springframework/cloud/spring-cloud-starter-netflix-eureka-client/3.1.7/spring-cloud-starter-netflix-eureka-client-3.1.7.jar:/Users/bagbyeonghwi/.m2/repository/org/springframework/cloud/spring-cloud-netflix-eureka-client/3.1.7/spring-cloud-netflix-eureka-client-3.1.7.jar:/Users/bagbyeonghwi/.m2/repository/com/netflix/eureka/eureka-client/1.10.17/eureka-client-1.10.17.jar:/Users/bagbyeonghwi/.m2/repository/com/netflix/netflix-commons/netflix-eventbus/0.3.0/netflix-eventbus-0.3.0.jar:/Users/bagbyeonghwi/.m2/repository/com/netflix/netflix-commons/netflix-infix/0.3.0/netflix-infix-0.3.0.jar:/Users/bagbyeonghwi/.m2/repository/commons-jxpath/commons-jxpath/1.3/commons-jxpath-1.3.jar:/Users/bagbyeonghwi/.m2/repository/joda-time/joda-time/2.3/joda-time-2.3.jar:/Users/bagbyeonghwi/.m2/repository/org/antlr/antlr-runtime/3.4/antlr-runtime-3.4.jar:/Users/bagbyeonghwi/.m2/repository/org/antlr/stringtemplate/3.2.1/stringtemplate-3.2.1.jar:/Users/bagbyeonghwi/.m2/repository/com/google/code/gson/gson/2.9.1/gson-2.9.1.jar:/Users/bagbyeonghwi/.m2/repository/org/apache/commons/commons-math/2.2/commons-math-2.2.jar:/Users/bagbyeonghwi/.m2/repository/com/thoughtworks/xstream/xstream/1.4.18/xstream-1.4.18.jar:/Users/bagbyeonghwi/.m2/repository/io/github/x-stream/mxparser/1.2.2/mxparser-1.2.2.jar:/Users/bagbyeonghwi/.m2/repository/xmlpull/xmlpull/1.1.3.1/xmlpull-1.1.3.1.jar:/Users/bagbyeonghwi/.m2/repository/javax/ws/rs/jsr311-api/1.1.1/jsr311-api-1.1.1.jar:/Users/bagbyeonghwi/.m2/repository/com/netflix/servo/servo-core/0.12.21/servo-core-0.12.21.jar:/Users/bagbyeonghwi/.m2/repository/com/google/guava/guava/19.0/guava-19.0.jar:/Users/bagbyeonghwi/.m2/repository/org/apache/httpcomponents/httpclient/4.5.14/httpclient-4.5.14.jar:/Users/bagbyeonghwi/.m2/repository/org/apache/httpcomponents/httpcore/4.4.16/httpcore-4.4.16.jar:/Users/bagbyeonghwi/.m2/repository/commons-codec/commons-codec/1.15/commons-codec-1.15.jar:/Users/bagbyeonghwi/.m2/repository/commons-configuration/commons-configuration/1.10/commons-configuration-1.10.jar:/Users/bagbyeonghwi/.m2/repository/commons-lang/commons-lang/2.6/commons-lang-2.6.jar:/Users/bagbyeonghwi/.m2/repository/com/google/inject/guice/4.1.0/guice-4.1.0.jar:/Users/bagbyeonghwi/.m2/repository/com/fasterxml/jackson/core/jackson-annotations/2.13.5/jackson-annotations-2.13.5.jar:/Users/bagbyeonghwi/.m2/repository/com/fasterxml/jackson/core/jackson-core/2.13.5/jackson-core-2.13.5.jar:/Users/bagbyeonghwi/.m2/repository/org/codehaus/jettison/jettison/1.4.0/jettison-1.4.0.jar:/Users/bagbyeonghwi/.m2/repository/com/netflix/eureka/eureka-core/1.10.17/eureka-core-1.10.17.jar:/Users/bagbyeonghwi/.m2/repository/com/fasterxml/woodstox/woodstox-core/6.2.1/woodstox-core-6.2.1.jar:/Users/bagbyeonghwi/.m2/repository/org/codehaus/woodstox/stax2-api/4.2.1/stax2-api-4.2.1.jar:/Users/bagbyeonghwi/.m2/repository/org/springframework/cloud/spring-cloud-starter-loadbalancer/3.1.7/spring-cloud-starter-loadbalancer-3.1.7.jar:/Users/bagbyeonghwi/.m2/repository/org/springframework/cloud/spring-cloud-loadbalancer/3.1.7/spring-cloud-loadbalancer-3.1.7.jar:/Users/bagbyeonghwi/.m2/repository/org/springframework/boot/spring-boot-starter-cache/2.7.12/spring-boot-starter-cache-2.7.12.jar:/Users/bagbyeonghwi/.m2/repository/org/springframework/spring-context-support/5.3.27/spring-context-support-5.3.27.jar:/Users/bagbyeonghwi/.m2/repository/com/stoyanr/evictor/1.0.0/evictor-1.0.0.jar:/Users/bagbyeonghwi/.m2/repository/org/springframework/boot/spring-boot-starter-actuator/2.7.12/spring-boot-starter-actuator-2.7.12.jar:/Users/bagbyeonghwi/.m2/repository/org/springframework/boot/spring-boot-actuator-autoconfigure/2.7.12/spring-boot-actuator-autoconfigure-2.7.12.jar:/Users/bagbyeonghwi/.m2/repository/org/springframework/boot/spring-boot-actuator/2.7.12/spring-boot-actuator-2.7.12.jar:/Users/bagbyeonghwi/.m2/repository/io/micrometer/micrometer-core/1.9.11/micrometer-core-1.9.11.jar:/Users/bagbyeonghwi/.m2/repository/org/hdrhistogram/HdrHistogram/2.1.12/HdrHistogram-2.1.12.jar:/Users/bagbyeonghwi/.m2/repository/org/latencyutils/LatencyUtils/2.0.3/LatencyUtils-2.0.3.jar:/Users/bagbyeonghwi/.m2/repository/com/mysql/mysql-connector-j/8.0.33/mysql-connector-j-8.0.33.jar:/Users/bagbyeonghwi/.m2/repository/org/springframework/boot/spring-boot-starter-data-jpa/2.7.12/spring-boot-starter-data-jpa-2.7.12.jar:/Users/bagbyeonghwi/.m2/repository/org/springframework/boot/spring-boot-starter-aop/2.7.12/spring-boot-starter-aop-2.7.12.jar:/Users/bagbyeonghwi/.m2/repository/org/aspectj/aspectjweaver/1.9.7/aspectjweaver-1.9.7.jar:/Users/bagbyeonghwi/.m2/repository/org/springframework/boot/spring-boot-starter-jdbc/2.7.12/spring-boot-starter-jdbc-2.7.12.jar:/Users/bagbyeonghwi/.m2/repository/com/zaxxer/HikariCP/4.0.3/HikariCP-4.0.3.jar:/Users/bagbyeonghwi/.m2/repository/org/springframework/spring-jdbc/5.3.27/spring-jdbc-5.3.27.jar:/Users/bagbyeonghwi/.m2/repository/jakarta/transaction/jakarta.transaction-api/1.3.3/jakarta.transaction-api-1.3.3.jar:/Users/bagbyeonghwi/.m2/repository/jakarta/persistence/jakarta.persistence-api/2.2.3/jakarta.persistence-api-2.2.3.jar:/Users/bagbyeonghwi/.m2/repository/org/hibernate/hibernate-core/5.6.15.Final/hibernate-core-5.6.15.Final.jar:/Users/bagbyeonghwi/.m2/repository/org/jboss/logging/jboss-logging/3.4.3.Final/jboss-logging-3.4.3.Final.jar:/Users/bagbyeonghwi/.m2/repository/antlr/antlr/2.7.7/antlr-2.7.7.jar:/Users/bagbyeonghwi/.m2/repository/org/jboss/jandex/2.4.2.Final/jandex-2.4.2.Final.jar:/Users/bagbyeonghwi/.m2/repository/com/fasterxml/classmate/1.5.1/classmate-1.5.1.jar:/Users/bagbyeonghwi/.m2/repository/org/hibernate/common/hibernate-commons-annotations/5.1.2.Final/hibernate-commons-annotations-5.1.2.Final.jar:/Users/bagbyeonghwi/.m2/repository/org/glassfish/jaxb/jaxb-runtime/2.3.8/jaxb-runtime-2.3.8.jar:/Users/bagbyeonghwi/.m2/repository/org/glassfish/jaxb/txw2/2.3.8/txw2-2.3.8.jar:/Users/bagbyeonghwi/.m2/repository/com/sun/istack/istack-commons-runtime/3.0.12/istack-commons-runtime-3.0.12.jar:/Users/bagbyeonghwi/.m2/repository/com/sun/activation/jakarta.activation/1.2.2/jakarta.activation-1.2.2.jar:/Users/bagbyeonghwi/.m2/repository/org/springframework/data/spring-data-jpa/2.7.12/spring-data-jpa-2.7.12.jar:/Users/bagbyeonghwi/.m2/repository/org/springframework/data/spring-data-commons/2.7.12/spring-data-commons-2.7.12.jar:/Users/bagbyeonghwi/.m2/repository/org/springframework/spring-orm/5.3.27/spring-orm-5.3.27.jar:/Users/bagbyeonghwi/.m2/repository/org/springframework/spring-tx/5.3.27/spring-tx-5.3.27.jar:/Users/bagbyeonghwi/.m2/repository/org/springframework/spring-aspects/5.3.27/spring-aspects-5.3.27.jar:/Users/bagbyeonghwi/.m2/repository/com/querydsl/querydsl-jpa/5.0.0/querydsl-jpa-5.0.0.jar:/Users/bagbyeonghwi/.m2/repository/com/querydsl/querydsl-core/5.0.0/querydsl-core-5.0.0.jar:/Users/bagbyeonghwi/.m2/repository/com/mysema/commons/mysema-commons-lang/0.2.4/mysema-commons-lang-0.2.4.jar:/Users/bagbyeonghwi/.m2/repository/com/querydsl/querydsl-apt/5.0.0/querydsl-apt-5.0.0.jar:/Users/bagbyeonghwi/.m2/repository/com/querydsl/querydsl-codegen/5.0.0/querydsl-codegen-5.0.0.jar:/Users/bagbyeonghwi/.m2/repository/com/querydsl/codegen-utils/5.0.0/codegen-utils-5.0.0.jar:/Users/bagbyeonghwi/.m2/repository/org/eclipse/jdt/ecj/3.26.0/ecj-3.26.0.jar:/Users/bagbyeonghwi/.m2/repository/javax/inject/javax.inject/1/javax.inject-1.jar:/Users/bagbyeonghwi/.m2/repository/io/github/classgraph/classgraph/4.8.108/classgraph-4.8.108.jar:/Users/bagbyeonghwi/.m2/repository/org/springframework/spring-test/5.3.27/spring-test-5.3.27.jar:/Users/bagbyeonghwi/.m2/repository/org/mockito/mockito-all/1.10.19/mockito-all-1.10.19.jar:/Users/bagbyeonghwi/.m2/repository/com/h2database/h2/2.1.214/h2-2.1.214.jar:/Users/bagbyeonghwi/.m2/repository/org/springframework/restdocs/spring-restdocs-mockmvc/2.0.6.RELEASE/spring-restdocs-mockmvc-2.0.6.RELEASE.jar:/Users/bagbyeonghwi/.m2/repository/org/springframework/restdocs/spring-restdocs-core/2.0.7.RELEASE/spring-restdocs-core-2.0.7.RELEASE.jar:/Users/bagbyeonghwi/.m2/repository/javax/servlet/javax.servlet-api/4.0.1/javax.servlet-api-4.0.1.jar:/Users/bagbyeonghwi/.m2/repository/org/junit/jupiter/junit-jupiter-engine/5.8.2/junit-jupiter-engine-5.8.2.jar:/Users/bagbyeonghwi/.m2/repository/org/junit/platform/junit-platform-engine/1.8.2/junit-platform-engine-1.8.2.jar:/Users/bagbyeonghwi/.m2/repository/org/opentest4j/opentest4j/1.2.0/opentest4j-1.2.0.jar:/Users/bagbyeonghwi/.m2/repository/org/junit/platform/junit-platform-commons/1.8.2/junit-platform-commons-1.8.2.jar:/Users/bagbyeonghwi/.m2/repository/org/junit/jupiter/junit-jupiter-api/5.8.2/junit-jupiter-api-5.8.2.jar:/Users/bagbyeonghwi/.m2/repository/org/apiguardian/apiguardian-api/1.1.2/apiguardian-api-1.1.2.jar:"/>
    <property name="sun.cpu.endian" value="little"/>
    <property name="user.home" value="/Users/bagbyeonghwi"/>
    <property name="user.language" value="ko"/>
    <property name="java.specification.vendor" value="Oracle Corporation"/>
    <property name="java.version.date" value="2024-01-16"/>
    <property name="java.home" value="/Users/bagbyeonghwi/Library/Java/JavaVirtualMachines/corretto-17.0.10/Contents/Home"/>
    <property name="file.separator" value="/"/>
    <property name="basedir" value="/Users/bagbyeonghwi/Desktop/Study/nhn_academy_final/project/no24-shop"/>
    <property name="java.vm.compressedOopsMode" value="Zero based"/>
    <property name="line.separator" value="&#10;"/>
    <property name="java.vm.specification.vendor" value="Oracle Corporation"/>
    <property name="java.specification.name" value="Java Platform API Specification"/>
    <property name="surefire.real.class.path" value="/Users/bagbyeonghwi/Desktop/Study/nhn_academy_final/project/no24-shop/target/surefire/surefirebooter6297095346354015943.jar"/>
    <property name="sun.management.compiler" value="HotSpot 64-Bit Tiered Compilers"/>
    <property name="ftp.nonProxyHosts" value="local|*.local|169.254/16|*.169.254/16|localhost|*.localhost"/>
    <property name="java.runtime.version" value="17.0.10+7-LTS"/>
    <property name="user.name" value="bagbyeonghwi"/>
    <property name="path.separator" value=":"/>
    <property name="os.version" value="12.5"/>
    <property name="java.runtime.name" value="OpenJDK Runtime Environment"/>
    <property name="file.encoding" value="UTF-8"/>
    <property name="java.vm.name" value="OpenJDK 64-Bit Server VM"/>
    <property name="java.vendor.version" value="Corretto-17.0.10.7.1"/>
    <property name="localRepository" value="/Users/bagbyeonghwi/.m2/repository"/>
    <property name="java.vendor.url.bug" value="https://github.com/corretto/corretto-17/issues/"/>
    <property name="java.io.tmpdir" value="/var/folders/zb/54ntlr6s3gx46_zzcgg2s_c00000gn/T/"/>
    <property name="idea.version" value="2024.1"/>
    <property name="java.version" value="17.0.10"/>
    <property name="user.dir" value="/Users/bagbyeonghwi/Desktop/Study/nhn_academy_final/project/no24-shop"/>
    <property name="os.arch" value="aarch64"/>
    <property name="java.vm.specification.name" value="Java Virtual Machine Specification"/>
    <property name="native.encoding" value="UTF-8"/>
    <property name="java.library.path" value="/Users/bagbyeonghwi/Library/Java/Extensions:/Library/Java/Extensions:/Network/Library/Java/Extensions:/System/Library/Java/Extensions:/usr/lib/java:."/>
    <property name="java.vm.info" value="mixed mode, sharing"/>
    <property name="java.vendor" value="Amazon.com Inc."/>
    <property name="java.vm.version" value="17.0.10+7-LTS"/>
    <property name="sun.io.unicode.encoding" value="UnicodeBig"/>
    <property name="socksNonProxyHosts" value="local|*.local|169.254/16|*.169.254/16|localhost|*.localhost"/>
    <property name="java.class.version" value="61.0"/>
  </properties>
  <testcase name="testSaveAuthor" classname="com.nhnacademy.shop.author.AuthorControllerTest" time="0.046"/>
  <testcase name="testDeleteAuthorById" classname="com.nhnacademy.shop.author.AuthorControllerTest" time="0.009"/>
  <testcase name="testModifyAuthor" classname="com.nhnacademy.shop.author.AuthorControllerTest" time="0.011"/>
  <testcase name="testGetAuthorsByAuthorName" classname="com.nhnacademy.shop.author.AuthorControllerTest" time="0.026"/>
  <testcase name="testGetAuthorsByNonExistentAuthorName" classname="com.nhnacademy.shop.author.AuthorControllerTest" time="0.009"/>
</testsuite>